<?xml version="1.0" encoding="UTF-8"?>
<testsuite xmlns:xsi="http://www.w3.org/2001/XMLSchema-instance" xsi:noNamespaceSchemaLocation="https://maven.apache.org/surefire/maven-surefire-plugin/xsd/surefire-test-report.xsd" name="step_definitions.RunCukesTest" time="191.746" tests="53" errors="0" skipped="0" failures="0">
  <properties>
[...]
</properties>
  <testcase name="Given User on the Board page" classname="| Testing Add Card Name |" time="0.009"/>
  <testcase name="And User Added &quot;Testing Add Card Name&quot; as card name" classname="| Testing Add Card Name |" time="0.002"/>
  <testcase name="Then The User get message Notification success" classname="| Testing Add Card Name |" time="0"/>
  <testcase name="| Testing Add Card Name |" classname="| Testing Add Card Name |" time="0.579"/>
  <testcase name="Given User access Board page" classname="| Ready for Production |" time="0"/>
  <testcase name="And User Add List &quot;Ready for Production&quot; Board" classname="| Ready for Production |" time="0"/>
  <testcase name="And User Click Save button" classname="| Ready for Production |" time="0"/>
  <testcase name="Then User successfully to Add list Board" classname="| Ready for Production |" time="0"/>
  <testcase name="| Ready for Production |" classname="| Ready for Production |" time="0.502"/>
  <testcase name="Given User want to add Comment in a board" classname="| Testing Add New Comment |" time="0"/>
  <testcase name="And User choose cardname will be add to comment" classname="| Testing Add New Comment |" time="0"/>
  <testcase name="When User put &quot;Testing Add New Comment&quot; the comments" classname="| Testing Add New Comment |" time="0"/>
  <testcase name="And User Click Save Button" classname="| Testing Add New Comment |" time="0"/>
  <testcase name="Then User get Message Success" classname="| Testing Add New Comment |" time="0"/>
  <testcase name="| Testing Add New Comment |" classname="| Testing Add New Comment |" time="0.582"/>
  <testcase name="Given User already on the Dashboard Page" classname="| Halo Ini Arisa testing Lagi |" time="0"/>
  <testcase name="When User Input &quot;Halo Ini Arisa testing Lagi&quot; in Group Chat" classname="| Halo Ini Arisa testing Lagi |" time="0"/>
  <testcase name="And User click Send Button" classname="| Halo Ini Arisa testing Lagi |" time="0.003"/>
  <testcase name="Then User success send chat and see the last chat" classname="| Halo Ini Arisa testing Lagi |" time="0"/>
  <testcase name="| Halo Ini Arisa testing Lagi |" classname="| Halo Ini Arisa testing Lagi |" time="0.538"/>
  <testcase name="Given User on the Board Page" classname="| Blast Testing | Testing Blast Messages | 2021/10/25 | 01:00 AM |" time="0"/>
  <testcase name="When User go to Blast Page" classname="| Blast Testing | Testing Blast Messages | 2021/10/25 | 01:00 AM |" time="0.001"/>
  <testcase name="And User type a &quot;Blast Testing&quot; as Title and User set &quot;Testing Blast Messages&quot; as Story" classname="| Blast Testing | Testing Blast Messages | 2021/10/25 | 01:00 AM |" time="0"/>
  <testcase name="Then User set &quot;2021/10/25&quot; and set  &quot;01:00 AM&quot; time" classname="| Blast Testing | Testing Blast Messages | 2021/10/25 | 01:00 AM |" time="0"/>
  <testcase name="And User Publish the Blast Message" classname="| Blast Testing | Testing Blast Messages | 2021/10/25 | 01:00 AM |" time="0"/>
  <testcase name="Then User see List Blast" classname="| Blast Testing | Testing Blast Messages | 2021/10/25 | 01:00 AM |" time="0"/>
  <testcase name="| Blast Testing | Testing Blast Messages | 2021/10/25 | 01:00 AM |" classname="| Blast Testing | Testing Blast Messages | 2021/10/25 | 01:00 AM |" time="0.62"/>
  <testcase name="Given User on the Board Page" classname="| Moving card is success |" time="0"/>
  <testcase name="When User select Card will be move" classname="| Moving card is success |" time="0"/>
  <testcase name="And User move the card to Todo list board" classname="| Moving card is success |" time="0"/>
  <testcase name="Then User successfully to Moved Card" classname="| Moving card is success |" time="0"/>
  <testcase name="| Moving card is success |" classname="| Moving card is success |" time="0.652"/>
  <testcase name="Given User on the Boards page" classname="Scenario: User Add Card Name but Name card is Empty" time="0.001"/>
  <testcase name="And User Add Card Name but the name is Empty" classname="Scenario: User Add Card Name but Name card is Empty" time="0"/>
  <testcase name="Then The User get message Card name cannot be empty" classname="Scenario: User Add Card Name but Name card is Empty" time="0"/>
  <testcase name="Scenario: User Add Card Name but Name card is Empty" classname="Scenario: User Add Card Name but Name card is Empty" time="0.569"/>
  <testcase name="Given User on Boards Page" classname="Scenario: User wants to Blast Message but empty all Mandatory Fields" time="0"/>
  <testcase name="When User Open the Blast Page" classname="Scenario: User wants to Blast Message but empty all Mandatory Fields" time="0"/>
  <testcase name="And User Publish the Blast Message" classname="Scenario: User wants to Blast Message but empty all Mandatory Fields" time="0"/>
  <testcase name="Then User get message Field parameter not complete" classname="Scenario: User wants to Blast Message but empty all Mandatory Fields" time="0.001"/>
  <testcase name="Scenario: User wants to Blast Message but empty all Mandatory Fields" classname="Scenario: User wants to Blast Message but empty all Mandatory Fields" time="0.596"/>
  <testcase name="Given User has the Dashboard Page" classname="| fileCSV.csv |" time="0.001"/>
  <testcase name="When User Attached &quot;fileCSV.csv&quot; as files in Group Chat" classname="| fileCSV.csv |" time="0"/>
  <testcase name="Then User unssuccessfully send file to Group Chat" classname="| fileCSV.csv |" time="0"/>
  <testcase name="| fileCSV.csv |" classname="| fileCSV.csv |" time="0.617"/>
  <testcase name="Given User has the Dashboard Page" classname="| fileAPK.apk |" time="0"/>
  <testcase name="When User Attached &quot;fileAPK.apk&quot; as files in Group Chat" classname="| fileAPK.apk |" time="0"/>
  <testcase name="Then User unssuccessfully send file to Group Chat" classname="| fileAPK.apk |" time="0"/>
  <testcase name="| fileAPK.apk |" classname="| fileAPK.apk |" time="0.604"/>
  <testcase name="Given User access the Dashboard Page" classname="Scenario: User send Files to Group Chat" time="0"/>
  <testcase name="When User Attached &quot;testingfilePDF.pdf&quot; as image in Group Chat" classname="Scenario: User send Files to Group Chat" time="0"/>
  <testcase name="Then User success send image and see the last image" classname="Scenario: User send Files to Group Chat" time="0"/>
  <testcase name="Scenario: User send Files to Group Chat" classname="Scenario: User send Files to Group Chat" time="0.724"/>
</testsuite>